<?xml version="1.0" encoding="UTF-8"?>
<testng-results ignored="0" total="1" passed="1" failed="0" skipped="0">
  <reporter-output>
  </reporter-output>
  <suite started-at="2020-07-17T00:21:57 EDT" name="Default suite" finished-at="2020-07-17T00:22:00 EDT" duration-ms="2930">
    <groups>
    </groups>
    <test started-at="2020-07-17T00:21:57 EDT" name="Default test" finished-at="2020-07-17T00:22:00 EDT" duration-ms="2930">
      <class name="qa.com.ApiTesting.NestedJsonParsing">
        <test-method signature="SumOfCourses()[pri:0, instance:qa.com.ApiTesting.NestedJsonParsing@d706f19]" started-at="2020-07-17T00:21:57 EDT" name="SumOfCourses" finished-at="2020-07-17T00:22:00 EDT" duration-ms="2865" status="PASS">
          <reporter-output>
          </reporter-output>
        </test-method> <!-- SumOfCourses -->
      </class> <!-- qa.com.ApiTesting.NestedJsonParsing -->
    </test> <!-- Default test -->
  </suite> <!-- Default suite -->
</testng-results>
